<?xml version="1.0" encoding="UTF-8"?>
<!-- Generated by org.testng.reporters.JUnitXMLReporter -->
<testsuite hostname="DESKTOP-SE0AQ15" name="Login_Test" tests="4" failures="0" timestamp="16 Nov 2019 14:13:33 GMT" time="46.605" errors="0">
  <testcase name="test_case" time="44.435" classname="com.lemon.web.auto.day02.section01.testcase.login.LoginTester"/>
  <testcase name="test_case" time="0.353" classname="com.lemon.web.auto.day02.section01.testcase.login.LoginTester"/>
  <testcase name="test_case" time="0.353" classname="com.lemon.web.auto.day02.section01.testcase.login.LoginTester"/>
  <testcase name="test_case" time="1.449" classname="com.lemon.web.auto.day02.section01.testcase.login.LoginTester"/>
</testsuite> <!-- Login_Test -->
