<?xml version="1.0" encoding="UTF-8"?>
<testng-results skipped="0" failed="0" total="5" passed="5">
  <reporter-output>
  </reporter-output>
  <suite name="Default suite" duration-ms="8394" started-at="2019-11-17T14:14:34Z" finished-at="2019-11-17T14:14:43Z">
    <groups>
    </groups>
    <test name="Default test" duration-ms="8394" started-at="2019-11-17T14:14:34Z" finished-at="2019-11-17T14:14:43Z">
      <class name="com.lemon.web.auto.day02.section01.testcase.login.LoginTester">
        <test-method status="PASS" signature="beforeSuite()[pri:0, instance:com.lemon.web.auto.day02.section01.testcase.login.LoginTester@1134affc]" name="beforeSuite" is-config="true" duration-ms="3424" started-at="2019-11-17T22:14:31Z" finished-at="2019-11-17T22:14:34Z">
          <reporter-output>
          </reporter-output>
        </test-method> <!-- beforeSuite -->
        <test-method status="PASS" signature="test_case_failure(com.lemon.web.auto.day02.section01.testcase.login.LoginFailData)[pri:0, instance:com.lemon.web.auto.day02.section01.testcase.login.LoginTester@1134affc]" name="test_case_failure" duration-ms="5554" started-at="2019-11-17T22:14:35Z" data-provider="dp1" finished-at="2019-11-17T22:14:41Z">
          <params>
            <param index="0">
              <value>
                <![CDATA[LoginFailData [phone=, password=, expectedTips=用户名不能为空]]]>
              </value>
            </param>
          </params>
          <reporter-output>
          </reporter-output>
        </test-method> <!-- test_case_failure -->
        <test-method status="PASS" signature="test_case_failure(com.lemon.web.auto.day02.section01.testcase.login.LoginFailData)[pri:0, instance:com.lemon.web.auto.day02.section01.testcase.login.LoginTester@1134affc]" name="test_case_failure" duration-ms="373" started-at="2019-11-17T22:14:41Z" data-provider="dp1" finished-at="2019-11-17T22:14:41Z">
          <params>
            <param index="0">
              <value>
                <![CDATA[LoginFailData [phone=xmm, password=, expectedTips=非法的手机号]]]>
              </value>
            </param>
          </params>
          <reporter-output>
          </reporter-output>
        </test-method> <!-- test_case_failure -->
        <test-method status="PASS" signature="test_case_failure(com.lemon.web.auto.day02.section01.testcase.login.LoginFailData)[pri:0, instance:com.lemon.web.auto.day02.section01.testcase.login.LoginTester@1134affc]" name="test_case_failure" duration-ms="369" started-at="2019-11-17T22:14:41Z" data-provider="dp1" finished-at="2019-11-17T22:14:41Z">
          <params>
            <param index="0">
              <value>
                <![CDATA[LoginFailData [phone=13888888888, password=, expectedTips=密码不能为空]]]>
              </value>
            </param>
          </params>
          <reporter-output>
          </reporter-output>
        </test-method> <!-- test_case_failure -->
        <test-method status="PASS" signature="test_case_failure(com.lemon.web.auto.day02.section01.testcase.login.LoginFailData)[pri:0, instance:com.lemon.web.auto.day02.section01.testcase.login.LoginTester@1134affc]" name="test_case_failure" duration-ms="426" started-at="2019-11-17T22:14:41Z" data-provider="dp1" finished-at="2019-11-17T22:14:42Z">
          <params>
            <param index="0">
              <value>
                <![CDATA[LoginFailData [phone=13888888888, password=12345, expectedTips=账号信息错误]]]>
              </value>
            </param>
          </params>
          <reporter-output>
          </reporter-output>
        </test-method> <!-- test_case_failure -->
        <test-method status="PASS" signature="test_case_success(com.lemon.web.auto.day02.section01.testcase.login.LoginSuccessData)[pri:0, instance:com.lemon.web.auto.day02.section01.testcase.login.LoginTester@1134affc]" name="test_case_success" duration-ms="897" started-at="2019-11-17T22:14:42Z" data-provider="dp2" finished-at="2019-11-17T22:14:43Z">
          <params>
            <param index="0">
              <value>
                <![CDATA[LoginSuccessData [phone=13888888888, password=123456, partiaUrl=index.html]]]>
              </value>
            </param>
          </params>
          <reporter-output>
          </reporter-output>
        </test-method> <!-- test_case_success -->
        <test-method status="PASS" signature="AfterSuite()[pri:0, instance:com.lemon.web.auto.day02.section01.testcase.login.LoginTester@1134affc]" name="AfterSuite" is-config="true" duration-ms="6127" started-at="2019-11-17T22:14:43Z" finished-at="2019-11-17T22:14:49Z">
          <reporter-output>
          </reporter-output>
        </test-method> <!-- AfterSuite -->
      </class> <!-- com.lemon.web.auto.day02.section01.testcase.login.LoginTester -->
    </test> <!-- Default test -->
  </suite> <!-- Default suite -->
</testng-results>
